[INFO] - 2019-05-11 11:00:54 - Log File: /data/data/com.termux/files/home/you/tmp/new_relic.log
[INFO] - 2019-05-11 11:00:58 - Reporting to: https://rpm.newrelic.com/accounts/362387/applications/185353419
[DEBUG] - 2019-05-11 11:01:57 - Completed Metric harvest - size: 2
[DEBUG] - 2019-05-11 11:01:57 - Completed Transaction Trace harvest - size: 0
[DEBUG] - 2019-05-11 11:01:58 - Completed Error Trace harvest - size: 0
[DEBUG] - 2019-05-11 11:01:58 - Completed Error Event harvest - size: 0
[DEBUG] - 2019-05-11 11:01:58 - Completed Transaction Event harvest - size: 0
[DEBUG] - 2019-05-11 11:01:58 - Completed Span Event harvest - size: 0
[DEBUG] - 2019-05-11 11:01:59 - Completed Custom Event harvest - size: 52
[DEBUG] - 2019-05-11 11:02:57 - Completed Error Trace harvest - size: 0
[DEBUG] - 2019-05-11 11:02:57 - Completed Metric harvest - size: 11
[DEBUG] - 2019-05-11 11:02:57 - Completed Transaction Trace harvest - size: 0
[DEBUG] - 2019-05-11 11:02:57 - Completed Error Event harvest - size: 0
[DEBUG] - 2019-05-11 11:03:01 - Completed Custom Event harvest - size: 56
[DEBUG] - 2019-05-11 11:03:01 - Completed Span Event harvest - size: 0
[DEBUG] - 2019-05-11 11:03:01 - Completed Transaction Event harvest - size: 0
[DEBUG] - 2019-05-11 11:03:57 - Completed Transaction Trace harvest - size: 0
[DEBUG] - 2019-05-11 11:03:57 - Completed Metric harvest - size: 11
[DEBUG] - 2019-05-11 11:03:57 - Completed Error Trace harvest - size: 0
[DEBUG] - 2019-05-11 11:03:57 - Completed Error Event harvest - size: 0
[DEBUG] - 2019-05-11 11:03:58 - Completed Custom Event harvest - size: 55
[DEBUG] - 2019-05-11 11:03:58 - Completed Span Event harvest - size: 0
[DEBUG] - 2019-05-11 11:03:58 - Completed Transaction Event harvest - size: 0
[DEBUG] - 2019-05-11 11:04:57 - Completed Metric harvest - size: 11
[DEBUG] - 2019-05-11 11:04:57 - Completed Transaction Trace harvest - size: 0
[DEBUG] - 2019-05-11 11:04:57 - Completed Error Trace harvest - size: 0
[DEBUG] - 2019-05-11 11:04:57 - Completed Error Event harvest - size: 0
[DEBUG] - 2019-05-11 11:04:58 - Completed Custom Event harvest - size: 56
[DEBUG] - 2019-05-11 11:04:58 - Completed Span Event harvest - size: 0
[DEBUG] - 2019-05-11 11:04:58 - Completed Transaction Event harvest - size: 0
[DEBUG] - 2019-05-11 11:05:57 - Completed Metric harvest - size: 11
[DEBUG] - 2019-05-11 11:05:57 - Completed Transaction Trace harvest - size: 0
[DEBUG] - 2019-05-11 11:05:57 - Completed Error Trace harvest - size: 0
[DEBUG] - 2019-05-11 11:05:57 - Completed Error Event harvest - size: 0
[DEBUG] - 2019-05-11 11:05:58 - Completed Custom Event harvest - size: 56
[DEBUG] - 2019-05-11 11:05:58 - Completed Span Event harvest - size: 0
[DEBUG] - 2019-05-11 11:05:58 - Completed Transaction Event harvest - size: 0
[DEBUG] - 2019-05-11 11:06:57 - Completed Metric harvest - size: 11
[DEBUG] - 2019-05-11 11:06:57 - Completed Transaction Trace harvest - size: 0
[DEBUG] - 2019-05-11 11:06:57 - Completed Error Event harvest - size: 0
[DEBUG] - 2019-05-11 11:06:57 - Completed Error Trace harvest - size: 0
[DEBUG] - 2019-05-11 11:06:58 - Completed Span Event harvest - size: 0
[DEBUG] - 2019-05-11 11:06:58 - Completed Custom Event harvest - size: 56
[DEBUG] - 2019-05-11 11:06:58 - Completed Transaction Event harvest - size: 0
[DEBUG] - 2019-05-11 11:07:59 - Completed Metric harvest - size: 11
[DEBUG] - 2019-05-11 11:07:59 - Completed Error Trace harvest - size: 0
[DEBUG] - 2019-05-11 11:07:59 - Completed Transaction Trace harvest - size: 0
[DEBUG] - 2019-05-11 11:07:59 - Completed Custom Event harvest - size: 56
[DEBUG] - 2019-05-11 11:08:00 - Completed Transaction Event harvest - size: 0
[DEBUG] - 2019-05-11 11:08:00 - Completed Error Event harvest - size: 0
[DEBUG] - 2019-05-11 11:08:00 - Completed Span Event harvest - size: 0
[DEBUG] - 2019-05-11 11:08:57 - Completed Metric harvest - size: 11
[DEBUG] - 2019-05-11 11:08:57 - Completed Transaction Trace harvest - size: 0
[DEBUG] - 2019-05-11 11:08:57 - Completed Error Trace harvest - size: 0
[DEBUG] - 2019-05-11 11:08:57 - Completed Error Event harvest - size: 0
[DEBUG] - 2019-05-11 11:08:58 - Completed Custom Event harvest - size: 56
[DEBUG] - 2019-05-11 11:08:58 - Completed Span Event harvest - size: 0
[DEBUG] - 2019-05-11 11:08:58 - Completed Transaction Event harvest - size: 0
[DEBUG] - 2019-05-11 11:09:57 - Completed Metric harvest - size: 11
[DEBUG] - 2019-05-11 11:09:57 - Completed Transaction Trace harvest - size: 0
[DEBUG] - 2019-05-11 11:09:57 - Completed Error Trace harvest - size: 0
[DEBUG] - 2019-05-11 11:09:57 - Completed Error Event harvest - size: 0
[DEBUG] - 2019-05-11 11:09:58 - Completed Span Event harvest - size: 0
[DEBUG] - 2019-05-11 11:09:58 - Completed Custom Event harvest - size: 56
[DEBUG] - 2019-05-11 11:09:58 - Completed Transaction Event harvest - size: 0
[DEBUG] - 2019-05-11 11:10:57 - Completed Metric harvest - size: 11
[DEBUG] - 2019-05-11 11:10:57 - Completed Transaction Trace harvest - size: 0
[DEBUG] - 2019-05-11 11:10:57 - Completed Error Trace harvest - size: 0
[DEBUG] - 2019-05-11 11:10:57 - Completed Error Event harvest - size: 0
[DEBUG] - 2019-05-11 11:10:57 - Completed Custom Event harvest - size: 56
[DEBUG] - 2019-05-11 11:10:57 - Completed Span Event harvest - size: 0
[DEBUG] - 2019-05-11 11:10:58 - Completed Transaction Event harvest - size: 0
[DEBUG] - 2019-05-11 11:11:57 - Completed Metric harvest - size: 11
[DEBUG] - 2019-05-11 11:11:57 - Completed Transaction Trace harvest - size: 0
[DEBUG] - 2019-05-11 11:11:57 - Completed Error Trace harvest - size: 0
[DEBUG] - 2019-05-11 11:11:57 - Completed Error Event harvest - size: 0
[DEBUG] - 2019-05-11 11:11:58 - Completed Span Event harvest - size: 0
[DEBUG] - 2019-05-11 11:11:58 - Completed Custom Event harvest - size: 56
[DEBUG] - 2019-05-11 11:11:58 - Completed Transaction Event harvest - size: 0
[DEBUG] - 2019-05-11 11:12:57 - Completed Metric harvest - size: 11
[DEBUG] - 2019-05-11 11:12:57 - Completed Transaction Trace harvest - size: 0
[DEBUG] - 2019-05-11 11:12:57 - Completed Error Event harvest - size: 0
[DEBUG] - 2019-05-11 11:12:57 - Completed Error Trace harvest - size: 0
[DEBUG] - 2019-05-11 11:12:58 - Completed Span Event harvest - size: 0
[DEBUG] - 2019-05-11 11:12:58 - Completed Transaction Event harvest - size: 0
[DEBUG] - 2019-05-11 11:12:58 - Completed Custom Event harvest - size: 56
[DEBUG] - 2019-05-11 11:13:57 - Completed Transaction Trace harvest - size: 0
[DEBUG] - 2019-05-11 11:13:57 - Completed Error Event harvest - size: 0
[DEBUG] - 2019-05-11 11:13:58 - Completed Custom Event harvest - size: 56
[DEBUG] - 2019-05-11 11:14:00 - Completed Metric harvest - size: 11
[DEBUG] - 2019-05-11 11:14:00 - Completed Error Trace harvest - size: 0
[DEBUG] - 2019-05-11 11:14:01 - Completed Span Event harvest - size: 0
[DEBUG] - 2019-05-11 11:14:01 - Completed Transaction Event harvest - size: 0
[DEBUG] - 2019-05-11 11:14:58 - Completed Transaction Trace harvest - size: 0
[DEBUG] - 2019-05-11 11:14:58 - Completed Error Event harvest - size: 0
[DEBUG] - 2019-05-11 11:15:00 - Completed Metric harvest - size: 11
[DEBUG] - 2019-05-11 11:15:01 - Completed Error Trace harvest - size: 0
[DEBUG] - 2019-05-11 11:15:01 - Completed Span Event harvest - size: 0
[DEBUG] - 2019-05-11 11:15:09 - Completed Custom Event harvest - size: 56
[DEBUG] - 2019-05-11 11:15:30 - Completed Transaction Event harvest - size: 0
[DEBUG] - 2019-05-11 11:15:57 - Completed Metric harvest - size: 14
[DEBUG] - 2019-05-11 11:15:59 - Completed Transaction Trace harvest - size: 0
[DEBUG] - 2019-05-11 11:16:04 - Completed Error Trace harvest - size: 1
[DEBUG] - 2019-05-11 11:16:06 - Completed Span Event harvest - size: 0
[DEBUG] - 2019-05-11 11:16:06 - Completed Transaction Event harvest - size: 0
[DEBUG] - 2019-05-11 11:16:47 - Completed Error Event harvest - size: 1
[DEBUG] - 2019-05-11 11:16:49 - Completed Custom Event harvest - size: 56
[DEBUG] - 2019-05-11 11:16:57 - Completed Metric harvest - size: 14
[DEBUG] - 2019-05-11 11:16:57 - Completed Transaction Trace harvest - size: 0
[DEBUG] - 2019-05-11 11:16:57 - Completed Error Trace harvest - size: 2
[DEBUG] - 2019-05-11 11:16:58 - Completed Span Event harvest - size: 0
[DEBUG] - 2019-05-11 11:16:58 - Completed Error Event harvest - size: 2
[DEBUG] - 2019-05-11 11:16:58 - Completed Transaction Event harvest - size: 0
[DEBUG] - 2019-05-11 11:17:06 - Completed Custom Event harvest - size: 56
[INFO] - 2019-05-11 11:17:23 - Log File: /data/data/com.termux/files/home/you/tmp/new_relic.log
[ERROR] - 2019-05-11 11:18:33 - custom_event_data: (400) {}
[ERROR] - 2019-05-11 11:18:33 - metric_data: (400) {}
[ERROR] - 2019-05-11 11:18:34 - metric_data: (400) {}
[DEBUG] - 2019-05-11 11:18:34 - Completed Metric harvest - size: 2
[ERROR] - 2019-05-11 11:18:34 - analytic_event_data: (400) {}
[ERROR] - 2019-05-11 11:18:36 - analytic_event_data: (400) {}
[DEBUG] - 2019-05-11 11:18:36 - Completed Transaction Event harvest - size: 0
[ERROR] - 2019-05-11 11:18:37 - transaction_sample_data: (400) {}
[ERROR] - 2019-05-11 11:18:38 - transaction_sample_data: (400) {}
[DEBUG] - 2019-05-11 11:18:38 - Completed Transaction Trace harvest - size: 0
[ERROR] - 2019-05-11 11:18:39 - error_data: (400) {}
[ERROR] - 2019-05-11 11:18:40 - error_data: (400) {}
[DEBUG] - 2019-05-11 11:18:40 - Completed Error Trace harvest - size: 0
[ERROR] - 2019-05-11 11:18:40 - span_event_data: (400) {}
[ERROR] - 2019-05-11 11:18:41 - custom_event_data: (400) {}
[DEBUG] - 2019-05-11 11:18:41 - Completed Custom Event harvest - size: 51
[ERROR] - 2019-05-11 11:18:41 - span_event_data: (400) {}
[DEBUG] - 2019-05-11 11:18:41 - Completed Span Event harvest - size: 0
[ERROR] - 2019-05-11 11:18:42 - error_event_data: (400) {}
[ERROR] - 2019-05-11 11:18:42 - error_event_data: (400) {}
[DEBUG] - 2019-05-11 11:18:42 - Completed Error Event harvest - size: 0
[INFO] - 2019-05-11 11:19:05 - Log File: /data/data/com.termux/files/home/you/tmp/new_relic.log
[INFO] - 2019-05-11 11:19:23 - Reporting to: https://rpm.newrelic.com/accounts/362387/applications/185353419
[ERROR] - 2019-05-11 11:23:47 - analytic_event_data: {:failed_connect, [{:to_address, {'collector-002.newrelic.com', 443}}, {:inet, [:inet], :closed}]}
[ERROR] - 2019-05-11 11:24:01 - analytic_event_data: {:failed_connect, [{:to_address, {'collector-002.newrelic.com', 443}}, {:inet, [:inet], :closed}]}
[DEBUG] - 2019-05-11 11:24:01 - Completed Transaction Event harvest - size: 0
[ERROR] - 2019-05-11 11:25:36 - span_event_data: {:failed_connect, [{:to_address, {'collector-002.newrelic.com', 443}}, {:inet, [:inet], :enetunreach}]}
[ERROR] - 2019-05-11 11:25:37 - transaction_sample_data: {:failed_connect, [{:to_address, {'collector-002.newrelic.com', 443}}, {:inet, [:inet], :enetunreach}]}
[ERROR] - 2019-05-11 11:25:37 - error_data: {:failed_connect, [{:to_address, {'collector-002.newrelic.com', 443}}, {:inet, [:inet], :closed}]}
[ERROR] - 2019-05-11 11:25:37 - span_event_data: {:failed_connect, [{:to_address, {'collector-002.newrelic.com', 443}}, {:inet, [:inet], :closed}]}
[ERROR] - 2019-05-11 11:25:37 - metric_data: {:failed_connect, [{:to_address, {'collector-002.newrelic.com', 443}}, {:inet, [:inet], :closed}]}
[ERROR] - 2019-05-11 11:25:37 - custom_event_data: {:failed_connect, [{:to_address, {'collector-002.newrelic.com', 443}}, {:inet, [:inet], :enetunreach}]}
[ERROR] - 2019-05-11 11:25:37 - error_event_data: {:failed_connect, [{:to_address, {'collector-002.newrelic.com', 443}}, {:inet, [:inet], :enetunreach}]}
[ERROR] - 2019-05-11 11:25:37 - custom_event_data: {:failed_connect, [{:to_address, {'collector-002.newrelic.com', 443}}, {:inet, [:inet], :closed}]}
[ERROR] - 2019-05-11 11:25:37 - transaction_sample_data: {:failed_connect, [{:to_address, {'collector-002.newrelic.com', 443}}, {:inet, [:inet], :closed}]}
[ERROR] - 2019-05-11 11:25:37 - error_event_data: {:failed_connect, [{:to_address, {'collector-002.newrelic.com', 443}}, {:inet, [:inet], :closed}]}
[ERROR] - 2019-05-11 11:25:37 - error_data: {:failed_connect, [{:to_address, {'collector-002.newrelic.com', 443}}, {:inet, [:inet], :enetunreach}]}
[ERROR] - 2019-05-11 11:25:37 - analytic_event_data: {:failed_connect, [{:to_address, {'collector-002.newrelic.com', 443}}, {:inet, [:inet], :enetunreach}]}
[ERROR] - 2019-05-11 11:25:37 - metric_data: {:failed_connect, [{:to_address, {'collector-002.newrelic.com', 443}}, {:inet, [:inet], :enetunreach}]}
[ERROR] - 2019-05-11 11:25:37 - transaction_sample_data: {:failed_connect, [{:to_address, {'collector-002.newrelic.com', 443}}, {:inet, [:inet], :enetunreach}]}
[DEBUG] - 2019-05-11 11:25:37 - Completed Transaction Trace harvest - size: 0
[ERROR] - 2019-05-11 11:25:37 - metric_data: {:failed_connect, [{:to_address, {'collector-002.newrelic.com', 443}}, {:inet, [:inet], :enetunreach}]}
[DEBUG] - 2019-05-11 11:25:37 - Completed Metric harvest - size: 2
[ERROR] - 2019-05-11 11:25:37 - transaction_sample_data: {:failed_connect, [{:to_address, {'collector-002.newrelic.com', 443}}, {:inet, [:inet], :enetunreach}]}
[DEBUG] - 2019-05-11 11:25:37 - Completed Transaction Trace harvest - size: 0
[ERROR] - 2019-05-11 11:25:37 - error_data: {:failed_connect, [{:to_address, {'collector-002.newrelic.com', 443}}, {:inet, [:inet], :enetunreach}]}
[DEBUG] - 2019-05-11 11:25:37 - Completed Error Trace harvest - size: 0
[ERROR] - 2019-05-11 11:25:37 - error_event_data: {:failed_connect, [{:to_address, {'collector-002.newrelic.com', 443}}, {:inet, [:inet], :enetunreach}]}
[DEBUG] - 2019-05-11 11:25:37 - Completed Error Event harvest - size: 0
[ERROR] - 2019-05-11 11:25:37 - error_event_data: {:failed_connect, [{:to_address, {'collector-002.newrelic.com', 443}}, {:inet, [:inet], :enetunreach}]}
[DEBUG] - 2019-05-11 11:25:37 - Completed Error Event harvest - size: 7
[ERROR] - 2019-05-11 11:25:37 - span_event_data: {:failed_connect, [{:to_address, {'collector-002.newrelic.com', 443}}, {:inet, [:inet], :enetunreach}]}
[DEBUG] - 2019-05-11 11:25:37 - Completed Span Event harvest - size: 0
[ERROR] - 2019-05-11 11:25:37 - analytic_event_data: {:failed_connect, [{:to_address, {'collector-002.newrelic.com', 443}}, {:inet, [:inet], :enetunreach}]}
[DEBUG] - 2019-05-11 11:25:37 - Completed Transaction Event harvest - size: 0
[ERROR] - 2019-05-11 11:25:37 - span_event_data: {:failed_connect, [{:to_address, {'collector-002.newrelic.com', 443}}, {:inet, [:inet], :enetunreach}]}
[DEBUG] - 2019-05-11 11:25:37 - Completed Span Event harvest - size: 0
[ERROR] - 2019-05-11 11:25:37 - custom_event_data: {:failed_connect, [{:to_address, {'collector-002.newrelic.com', 443}}, {:inet, [:inet], :enetunreach}]}
[ERROR] - 2019-05-11 11:25:37 - metric_data: {:failed_connect, [{:to_address, {'collector-002.newrelic.com', 443}}, {:inet, [:inet], :enetunreach}]}
[DEBUG] - 2019-05-11 11:25:37 - Completed Metric harvest - size: 8
[DEBUG] - 2019-05-11 11:25:37 - Completed Custom Event harvest - size: 56
[ERROR] - 2019-05-11 11:25:37 - error_data: {:failed_connect, [{:to_address, {'collector-002.newrelic.com', 443}}, {:inet, [:inet], :enetunreach}]}
[DEBUG] - 2019-05-11 11:25:37 - Completed Error Trace harvest - size: 4
[ERROR] - 2019-05-11 11:25:37 - custom_event_data: {:failed_connect, [{:to_address, {'collector-002.newrelic.com', 443}}, {:inet, [:inet], :enetunreach}]}
[DEBUG] - 2019-05-11 11:25:37 - Completed Custom Event harvest - size: 51
[ERROR] - 2019-05-11 11:31:33 - custom_event_data: {:failed_connect, [{:to_address, {'collector-002.newrelic.com', 443}}, {:inet, [:inet], :nxdomain}]}
[ERROR] - 2019-05-11 11:31:33 - span_event_data: {:failed_connect, [{:to_address, {'collector-002.newrelic.com', 443}}, {:inet, [:inet], :nxdomain}]}
[ERROR] - 2019-05-11 11:31:33 - error_data: {:failed_connect, [{:to_address, {'collector-002.newrelic.com', 443}}, {:inet, [:inet], :nxdomain}]}
[ERROR] - 2019-05-11 11:31:33 - transaction_sample_data: {:failed_connect, [{:to_address, {'collector-002.newrelic.com', 443}}, {:inet, [:inet], :nxdomain}]}
[ERROR] - 2019-05-11 11:31:33 - analytic_event_data: {:failed_connect, [{:to_address, {'collector-002.newrelic.com', 443}}, {:inet, [:inet], :nxdomain}]}
[ERROR] - 2019-05-11 11:31:33 - metric_data: {:failed_connect, [{:to_address, {'collector-002.newrelic.com', 443}}, {:inet, [:inet], :nxdomain}]}
[ERROR] - 2019-05-11 11:31:33 - error_event_data: {:failed_connect, [{:to_address, {'collector-002.newrelic.com', 443}}, {:inet, [:inet], :nxdomain}]}
[ERROR] - 2019-05-11 11:33:29 - span_event_data: {:failed_connect, [{:to_address, {'collector-002.newrelic.com', 443}}, {:inet, [:inet], :nxdomain}]}
[ERROR] - 2019-05-11 11:33:29 - error_data: {:failed_connect, [{:to_address, {'collector-002.newrelic.com', 443}}, {:inet, [:inet], :nxdomain}]}
[ERROR] - 2019-05-11 11:33:29 - error_event_data: {:failed_connect, [{:to_address, {'collector-002.newrelic.com', 443}}, {:inet, [:inet], :nxdomain}]}
[DEBUG] - 2019-05-11 11:33:29 - Completed Span Event harvest - size: 0
[DEBUG] - 2019-05-11 11:33:29 - Completed Error Trace harvest - size: 0
[DEBUG] - 2019-05-11 11:33:29 - Completed Error Event harvest - size: 0
[ERROR] - 2019-05-11 11:33:29 - metric_data: {:failed_connect, [{:to_address, {'collector-002.newrelic.com', 443}}, {:inet, [:inet], :nxdomain}]}
[ERROR] - 2019-05-11 11:33:29 - custom_event_data: {:failed_connect, [{:to_address, {'collector-002.newrelic.com', 443}}, {:inet, [:inet], :nxdomain}]}
[ERROR] - 2019-05-11 11:33:29 - transaction_sample_data: {:failed_connect, [{:to_address, {'collector-002.newrelic.com', 443}}, {:inet, [:inet], :nxdomain}]}
[DEBUG] - 2019-05-11 11:33:29 - Completed Metric harvest - size: 11
[DEBUG] - 2019-05-11 11:33:29 - Completed Custom Event harvest - size: 56
[DEBUG] - 2019-05-11 11:33:29 - Completed Transaction Trace harvest - size: 0
[ERROR] - 2019-05-11 11:33:29 - analytic_event_data: {:failed_connect, [{:to_address, {'collector-002.newrelic.com', 443}}, {:inet, [:inet], :nxdomain}]}
[DEBUG] - 2019-05-11 11:33:29 - Completed Transaction Event harvest - size: 0
[ERROR] - 2019-05-11 11:46:06 - metric_data: {:failed_connect, [{:to_address, {'collector-002.newrelic.com', 443}}, {:inet, [:inet], :enetunreach}]}
[ERROR] - 2019-05-11 11:46:06 - error_data: {:failed_connect, [{:to_address, {'collector-002.newrelic.com', 443}}, {:inet, [:inet], :enetunreach}]}
[ERROR] - 2019-05-11 11:46:06 - span_event_data: {:failed_connect, [{:to_address, {'collector-002.newrelic.com', 443}}, {:inet, [:inet], :enetunreach}]}
[ERROR] - 2019-05-11 11:46:06 - custom_event_data: {:failed_connect, [{:to_address, {'collector-002.newrelic.com', 443}}, {:inet, [:inet], :enetunreach}]}
[ERROR] - 2019-05-11 11:46:06 - transaction_sample_data: {:failed_connect, [{:to_address, {'collector-002.newrelic.com', 443}}, {:inet, [:inet], :enetunreach}]}
[ERROR] - 2019-05-11 11:46:06 - analytic_event_data: {:failed_connect, [{:to_address, {'collector-002.newrelic.com', 443}}, {:inet, [:inet], :enetunreach}]}
[ERROR] - 2019-05-11 11:46:06 - error_event_data: {:failed_connect, [{:to_address, {'collector-002.newrelic.com', 443}}, {:inet, [:inet], :enetunreach}]}
[ERROR] - 2019-05-11 11:46:06 - analytic_event_data: {:failed_connect, [{:to_address, {'collector-002.newrelic.com', 443}}, {:inet, [:inet], :enetunreach}]}
[DEBUG] - 2019-05-11 11:46:06 - Completed Transaction Event harvest - size: 0
[ERROR] - 2019-05-11 11:46:06 - error_event_data: {:failed_connect, [{:to_address, {'collector-002.newrelic.com', 443}}, {:inet, [:inet], :enetunreach}]}
[DEBUG] - 2019-05-11 11:46:06 - Completed Error Event harvest - size: 7
[ERROR] - 2019-05-11 11:46:06 - error_data: {:failed_connect, [{:to_address, {'collector-002.newrelic.com', 443}}, {:inet, [:inet], :enetunreach}]}
[DEBUG] - 2019-05-11 11:46:06 - Completed Error Trace harvest - size: 6
[ERROR] - 2019-05-11 11:46:06 - metric_data: {:failed_connect, [{:to_address, {'collector-002.newrelic.com', 443}}, {:inet, [:inet], :enetunreach}]}
[ERROR] - 2019-05-11 11:46:06 - transaction_sample_data: {:failed_connect, [{:to_address, {'collector-002.newrelic.com', 443}}, {:inet, [:inet], :enetunreach}]}
[DEBUG] - 2019-05-11 11:46:06 - Completed Transaction Trace harvest - size: 0
[DEBUG] - 2019-05-11 11:46:06 - Completed Metric harvest - size: 14
[ERROR] - 2019-05-11 11:46:06 - span_event_data: {:failed_connect, [{:to_address, {'collector-002.newrelic.com', 443}}, {:inet, [:inet], :enetunreach}]}
[DEBUG] - 2019-05-11 11:46:06 - Completed Span Event harvest - size: 0
[ERROR] - 2019-05-11 11:46:06 - custom_event_data: {:failed_connect, [{:to_address, {'collector-002.newrelic.com', 443}}, {:inet, [:inet], :enetunreach}]}
[DEBUG] - 2019-05-11 11:46:06 - Completed Custom Event harvest - size: 56
[ERROR] - 2019-05-11 11:47:03 - metric_data: {:failed_connect, [{:to_address, {'collector-002.newrelic.com', 443}}, {:inet, [:inet], :nxdomain}]}
[ERROR] - 2019-05-11 11:47:03 - transaction_sample_data: {:failed_connect, [{:to_address, {'collector-002.newrelic.com', 443}}, {:inet, [:inet], :nxdomain}]}
[ERROR] - 2019-05-11 11:47:03 - error_event_data: {:failed_connect, [{:to_address, {'collector-002.newrelic.com', 443}}, {:inet, [:inet], :nxdomain}]}
[ERROR] - 2019-05-11 11:47:03 - error_data: {:failed_connect, [{:to_address, {'collector-002.newrelic.com', 443}}, {:inet, [:inet], :nxdomain}]}
[ERROR] - 2019-05-11 11:47:03 - custom_event_data: {:failed_connect, [{:to_address, {'collector-002.newrelic.com', 443}}, {:inet, [:inet], :nxdomain}]}
[ERROR] - 2019-05-11 11:47:04 - span_event_data: {:failed_connect, [{:to_address, {'collector-002.newrelic.com', 443}}, {:inet, [:inet], :nxdomain}]}
[ERROR] - 2019-05-11 11:47:04 - analytic_event_data: {:failed_connect, [{:to_address, {'collector-002.newrelic.com', 443}}, {:inet, [:inet], :nxdomain}]}
[ERROR] - 2019-05-11 11:47:44 - transaction_sample_data: {:failed_connect, [{:to_address, {'collector-002.newrelic.com', 443}}, {:inet, [:inet], :nxdomain}]}
[DEBUG] - 2019-05-11 11:47:44 - Completed Transaction Trace harvest - size: 0
[ERROR] - 2019-05-11 11:47:44 - error_event_data: {:failed_connect, [{:to_address, {'collector-002.newrelic.com', 443}}, {:inet, [:inet], :nxdomain}]}
[DEBUG] - 2019-05-11 11:47:44 - Completed Error Event harvest - size: 0
[ERROR] - 2019-05-11 11:47:44 - error_data: {:failed_connect, [{:to_address, {'collector-002.newrelic.com', 443}}, {:inet, [:inet], :nxdomain}]}
[ERROR] - 2019-05-11 11:47:44 - metric_data: {:failed_connect, [{:to_address, {'collector-002.newrelic.com', 443}}, {:inet, [:inet], :nxdomain}]}
[DEBUG] - 2019-05-11 11:47:44 - Completed Error Trace harvest - size: 0
[DEBUG] - 2019-05-11 11:47:44 - Completed Metric harvest - size: 11
[ERROR] - 2019-05-11 11:47:44 - custom_event_data: {:failed_connect, [{:to_address, {'collector-002.newrelic.com', 443}}, {:inet, [:inet], :nxdomain}]}
[DEBUG] - 2019-05-11 11:47:44 - Completed Custom Event harvest - size: 56
[ERROR] - 2019-05-11 11:47:44 - span_event_data: {:failed_connect, [{:to_address, {'collector-002.newrelic.com', 443}}, {:inet, [:inet], :nxdomain}]}
[DEBUG] - 2019-05-11 11:47:44 - Completed Span Event harvest - size: 0
[ERROR] - 2019-05-11 11:47:44 - analytic_event_data: {:failed_connect, [{:to_address, {'collector-002.newrelic.com', 443}}, {:inet, [:inet], :nxdomain}]}
[DEBUG] - 2019-05-11 11:47:44 - Completed Transaction Event harvest - size: 0
[DEBUG] - 2019-05-11 11:50:04 - Completed Custom Event harvest - size: 56
[DEBUG] - 2019-05-11 11:50:04 - Completed Span Event harvest - size: 0
[DEBUG] - 2019-05-11 11:50:04 - Completed Transaction Event harvest - size: 0
[DEBUG] - 2019-05-11 11:50:05 - Completed Error Trace harvest - size: 5
[DEBUG] - 2019-05-11 11:50:06 - Completed Error Event harvest - size: 7
[DEBUG] - 2019-05-11 11:50:06 - Completed Transaction Trace harvest - size: 0
[DEBUG] - 2019-05-11 11:50:08 - Completed Metric harvest - size: 14
[ERROR] - 2019-05-11 12:00:18 - custom_event_data: {:failed_connect, [{:to_address, {'collector-002.newrelic.com', 443}}, {:inet, [:inet], :nxdomain}]}
[ERROR] - 2019-05-11 12:00:18 - error_event_data: {:failed_connect, [{:to_address, {'collector-002.newrelic.com', 443}}, {:inet, [:inet], :nxdomain}]}
[ERROR] - 2019-05-11 12:00:18 - error_data: {:failed_connect, [{:to_address, {'collector-002.newrelic.com', 443}}, {:inet, [:inet], :nxdomain}]}
[ERROR] - 2019-05-11 12:00:18 - transaction_sample_data: {:failed_connect, [{:to_address, {'collector-002.newrelic.com', 443}}, {:inet, [:inet], :nxdomain}]}
[ERROR] - 2019-05-11 12:00:18 - metric_data: {:failed_connect, [{:to_address, {'collector-002.newrelic.com', 443}}, {:inet, [:inet], :nxdomain}]}
[ERROR] - 2019-05-11 12:00:18 - analytic_event_data: {:failed_connect, [{:to_address, {'collector-002.newrelic.com', 443}}, {:inet, [:inet], :nxdomain}]}
[ERROR] - 2019-05-11 12:00:18 - span_event_data: {:failed_connect, [{:to_address, {'collector-002.newrelic.com', 443}}, {:inet, [:inet], :nxdomain}]}
[ERROR] - 2019-05-11 12:00:26 - transaction_sample_data: {:failed_connect, [{:to_address, {'collector-002.newrelic.com', 443}}, {:inet, [:inet], :nxdomain}]}
[ERROR] - 2019-05-11 12:00:26 - error_event_data: {:failed_connect, [{:to_address, {'collector-002.newrelic.com', 443}}, {:inet, [:inet], :nxdomain}]}
[ERROR] - 2019-05-11 12:00:26 - error_data: {:failed_connect, [{:to_address, {'collector-002.newrelic.com', 443}}, {:inet, [:inet], :nxdomain}]}
[DEBUG] - 2019-05-11 12:00:26 - Completed Error Trace harvest - size: 0
[DEBUG] - 2019-05-11 12:00:26 - Completed Error Event harvest - size: 0
[DEBUG] - 2019-05-11 12:00:26 - Completed Transaction Trace harvest - size: 0
[ERROR] - 2019-05-11 12:00:26 - metric_data: {:failed_connect, [{:to_address, {'collector-002.newrelic.com', 443}}, {:inet, [:inet], :nxdomain}]}
[DEBUG] - 2019-05-11 12:00:26 - Completed Metric harvest - size: 11
[ERROR] - 2019-05-11 12:00:26 - custom_event_data: {:failed_connect, [{:to_address, {'collector-002.newrelic.com', 443}}, {:inet, [:inet], :nxdomain}]}
[DEBUG] - 2019-05-11 12:00:26 - Completed Custom Event harvest - size: 56
[ERROR] - 2019-05-11 12:00:26 - analytic_event_data: {:failed_connect, [{:to_address, {'collector-002.newrelic.com', 443}}, {:inet, [:inet], :nxdomain}]}
[DEBUG] - 2019-05-11 12:00:26 - Completed Transaction Event harvest - size: 0
[ERROR] - 2019-05-11 12:00:26 - span_event_data: {:failed_connect, [{:to_address, {'collector-002.newrelic.com', 443}}, {:inet, [:inet], :nxdomain}]}
[DEBUG] - 2019-05-11 12:00:26 - Completed Span Event harvest - size: 0
[ERROR] - 2019-05-11 12:01:36 - metric_data: {:failed_connect, [{:to_address, {'collector-002.newrelic.com', 443}}, {:inet, [:inet], :nxdomain}]}
[ERROR] - 2019-05-11 12:01:36 - error_event_data: {:failed_connect, [{:to_address, {'collector-002.newrelic.com', 443}}, {:inet, [:inet], :nxdomain}]}
[ERROR] - 2019-05-11 12:01:36 - error_data: {:failed_connect, [{:to_address, {'collector-002.newrelic.com', 443}}, {:inet, [:inet], :nxdomain}]}
[ERROR] - 2019-05-11 12:01:36 - custom_event_data: {:failed_connect, [{:to_address, {'collector-002.newrelic.com', 443}}, {:inet, [:inet], :nxdomain}]}
[ERROR] - 2019-05-11 12:01:36 - transaction_sample_data: {:failed_connect, [{:to_address, {'collector-002.newrelic.com', 443}}, {:inet, [:inet], :nxdomain}]}
[ERROR] - 2019-05-11 12:01:36 - analytic_event_data: {:failed_connect, [{:to_address, {'collector-002.newrelic.com', 443}}, {:inet, [:inet], :nxdomain}]}
[ERROR] - 2019-05-11 12:01:36 - span_event_data: {:failed_connect, [{:to_address, {'collector-002.newrelic.com', 443}}, {:inet, [:inet], :nxdomain}]}
[ERROR] - 2019-05-11 12:01:50 - metric_data: {:failed_connect, [{:to_address, {'collector-002.newrelic.com', 443}}, {:inet, [:inet], :closed}]}
[DEBUG] - 2019-05-11 12:01:50 - Completed Metric harvest - size: 14
[DEBUG] - 2019-05-11 12:02:37 - Completed Transaction Event harvest - size: 0
[DEBUG] - 2019-05-11 12:02:37 - Completed Span Event harvest - size: 0
[DEBUG] - 2019-05-11 12:02:37 - Completed Error Trace harvest - size: 6
[DEBUG] - 2019-05-11 12:02:37 - Completed Transaction Trace harvest - size: 0
[DEBUG] - 2019-05-11 12:02:38 - Completed Error Event harvest - size: 7
[DEBUG] - 2019-05-11 12:02:51 - Completed Custom Event harvest - size: 56
[DEBUG] - 2019-05-11 12:03:51 - Completed Transaction Trace harvest - size: 0
[DEBUG] - 2019-05-11 12:03:51 - Completed Span Event harvest - size: 0
[DEBUG] - 2019-05-11 12:03:52 - Completed Error Trace harvest - size: 7
[DEBUG] - 2019-05-11 12:03:52 - Completed Transaction Event harvest - size: 0
[DEBUG] - 2019-05-11 12:03:54 - Completed Error Event harvest - size: 7
[DEBUG] - 2019-05-11 12:04:01 - Completed Custom Event harvest - size: 56
[DEBUG] - 2019-05-11 12:04:08 - Completed Metric harvest - size: 14
[ERROR] - 2019-05-11 12:05:05 - metric_data: {:failed_connect, [{:to_address, {'collector-002.newrelic.com', 443}}, {:inet, [:inet], :nxdomain}]}
[ERROR] - 2019-05-11 12:05:05 - transaction_sample_data: {:failed_connect, [{:to_address, {'collector-002.newrelic.com', 443}}, {:inet, [:inet], :nxdomain}]}
[ERROR] - 2019-05-11 12:05:05 - error_event_data: {:failed_connect, [{:to_address, {'collector-002.newrelic.com', 443}}, {:inet, [:inet], :nxdomain}]}
[ERROR] - 2019-05-11 12:05:05 - error_data: {:failed_connect, [{:to_address, {'collector-002.newrelic.com', 443}}, {:inet, [:inet], :nxdomain}]}
[ERROR] - 2019-05-11 12:05:05 - custom_event_data: {:failed_connect, [{:to_address, {'collector-002.newrelic.com', 443}}, {:inet, [:inet], :nxdomain}]}
[ERROR] - 2019-05-11 12:05:05 - span_event_data: {:failed_connect, [{:to_address, {'collector-002.newrelic.com', 443}}, {:inet, [:inet], :nxdomain}]}
[ERROR] - 2019-05-11 12:05:05 - analytic_event_data: {:failed_connect, [{:to_address, {'collector-002.newrelic.com', 443}}, {:inet, [:inet], :nxdomain}]}
[ERROR] - 2019-05-11 12:05:13 - metric_data: {:failed_connect, [{:to_address, {'collector-002.newrelic.com', 443}}, {:inet, [:inet], :nxdomain}]}
[ERROR] - 2019-05-11 12:05:13 - error_data: {:failed_connect, [{:to_address, {'collector-002.newrelic.com', 443}}, {:inet, [:inet], :nxdomain}]}
[ERROR] - 2019-05-11 12:05:13 - transaction_sample_data: {:failed_connect, [{:to_address, {'collector-002.newrelic.com', 443}}, {:inet, [:inet], :nxdomain}]}
[DEBUG] - 2019-05-11 12:05:13 - Completed Metric harvest - size: 14
[DEBUG] - 2019-05-11 12:05:13 - Completed Error Trace harvest - size: 1
[DEBUG] - 2019-05-11 12:05:13 - Completed Transaction Trace harvest - size: 0
[ERROR] - 2019-05-11 12:05:13 - error_event_data: {:failed_connect, [{:to_address, {'collector-002.newrelic.com', 443}}, {:inet, [:inet], :nxdomain}]}
[DEBUG] - 2019-05-11 12:05:13 - Completed Error Event harvest - size: 1
[ERROR] - 2019-05-11 12:05:13 - custom_event_data: {:failed_connect, [{:to_address, {'collector-002.newrelic.com', 443}}, {:inet, [:inet], :nxdomain}]}
[DEBUG] - 2019-05-11 12:05:13 - Completed Custom Event harvest - size: 56
[ERROR] - 2019-05-11 12:05:13 - analytic_event_data: {:failed_connect, [{:to_address, {'collector-002.newrelic.com', 443}}, {:inet, [:inet], :nxdomain}]}
[DEBUG] - 2019-05-11 12:05:13 - Completed Transaction Event harvest - size: 0
[ERROR] - 2019-05-11 12:05:13 - span_event_data: {:failed_connect, [{:to_address, {'collector-002.newrelic.com', 443}}, {:inet, [:inet], :nxdomain}]}
[DEBUG] - 2019-05-11 12:05:13 - Completed Span Event harvest - size: 0
[DEBUG] - 2019-05-11 12:06:26 - Completed Metric harvest - size: 14
[DEBUG] - 2019-05-11 12:06:26 - Completed Transaction Trace harvest - size: 0
[DEBUG] - 2019-05-11 12:06:26 - Completed Error Trace harvest - size: 6
[DEBUG] - 2019-05-11 12:06:26 - Completed Transaction Event harvest - size: 0
[DEBUG] - 2019-05-11 12:06:26 - Completed Span Event harvest - size: 0
[DEBUG] - 2019-05-11 12:06:26 - Completed Error Event harvest - size: 7
[DEBUG] - 2019-05-11 12:06:28 - Completed Custom Event harvest - size: 56
[ERROR] - 2019-05-11 12:07:31 - transaction_sample_data: {:failed_connect, [{:to_address, {'collector-002.newrelic.com', 443}}, {:inet, [:inet], :nxdomain}]}
[ERROR] - 2019-05-11 12:07:31 - metric_data: {:failed_connect, [{:to_address, {'collector-002.newrelic.com', 443}}, {:inet, [:inet], :nxdomain}]}
[ERROR] - 2019-05-11 12:07:31 - error_event_data: {:failed_connect, [{:to_address, {'collector-002.newrelic.com', 443}}, {:inet, [:inet], :nxdomain}]}
[ERROR] - 2019-05-11 12:07:31 - custom_event_data: {:failed_connect, [{:to_address, {'collector-002.newrelic.com', 443}}, {:inet, [:inet], :nxdomain}]}
[ERROR] - 2019-05-11 12:07:31 - error_data: {:failed_connect, [{:to_address, {'collector-002.newrelic.com', 443}}, {:inet, [:inet], :nxdomain}]}
[ERROR] - 2019-05-11 12:07:31 - span_event_data: {:failed_connect, [{:to_address, {'collector-002.newrelic.com', 443}}, {:inet, [:inet], :nxdomain}]}
[ERROR] - 2019-05-11 12:07:31 - analytic_event_data: {:failed_connect, [{:to_address, {'collector-002.newrelic.com', 443}}, {:inet, [:inet], :nxdomain}]}
[ERROR] - 2019-05-11 12:07:39 - transaction_sample_data: {:failed_connect, [{:to_address, {'collector-002.newrelic.com', 443}}, {:inet, [:inet], :nxdomain}]}
[ERROR] - 2019-05-11 12:07:39 - metric_data: {:failed_connect, [{:to_address, {'collector-002.newrelic.com', 443}}, {:inet, [:inet], :nxdomain}]}
[DEBUG] - 2019-05-11 12:07:39 - Completed Transaction Trace harvest - size: 0
[DEBUG] - 2019-05-11 12:07:39 - Completed Metric harvest - size: 11
[ERROR] - 2019-05-11 12:07:39 - error_event_data: {:failed_connect, [{:to_address, {'collector-002.newrelic.com', 443}}, {:inet, [:inet], :nxdomain}]}
[DEBUG] - 2019-05-11 12:07:39 - Completed Error Event harvest - size: 0
[ERROR] - 2019-05-11 12:07:39 - error_data: {:failed_connect, [{:to_address, {'collector-002.newrelic.com', 443}}, {:inet, [:inet], :nxdomain}]}
[DEBUG] - 2019-05-11 12:07:39 - Completed Error Trace harvest - size: 0
[ERROR] - 2019-05-11 12:07:39 - custom_event_data: {:failed_connect, [{:to_address, {'collector-002.newrelic.com', 443}}, {:inet, [:inet], :nxdomain}]}
[DEBUG] - 2019-05-11 12:07:39 - Completed Custom Event harvest - size: 56
[ERROR] - 2019-05-11 12:07:39 - span_event_data: {:failed_connect, [{:to_address, {'collector-002.newrelic.com', 443}}, {:inet, [:inet], :nxdomain}]}
[DEBUG] - 2019-05-11 12:07:39 - Completed Span Event harvest - size: 0
[ERROR] - 2019-05-11 12:07:39 - analytic_event_data: {:failed_connect, [{:to_address, {'collector-002.newrelic.com', 443}}, {:inet, [:inet], :nxdomain}]}
[DEBUG] - 2019-05-11 12:07:39 - Completed Transaction Event harvest - size: 0
[DEBUG] - 2019-05-11 12:09:35 - Completed Span Event harvest - size: 0
[DEBUG] - 2019-05-11 12:09:37 - Completed Transaction Trace harvest - size: 0
[DEBUG] - 2019-05-11 12:09:37 - Completed Error Trace harvest - size: 5
[DEBUG] - 2019-05-11 12:09:38 - Completed Metric harvest - size: 14
[DEBUG] - 2019-05-11 12:09:38 - Completed Transaction Event harvest - size: 0
[DEBUG] - 2019-05-11 12:09:38 - Completed Custom Event harvest - size: 56
[DEBUG] - 2019-05-11 12:09:38 - Completed Error Event harvest - size: 7
[DEBUG] - 2019-05-11 12:11:12 - Completed Metric harvest - size: 11
[DEBUG] - 2019-05-11 12:11:12 - Completed Error Trace harvest - size: 0
[DEBUG] - 2019-05-11 12:11:12 - Completed Custom Event harvest - size: 56
[DEBUG] - 2019-05-11 12:11:12 - Completed Error Event harvest - size: 0
[DEBUG] - 2019-05-11 12:11:12 - Completed Transaction Trace harvest - size: 0
[DEBUG] - 2019-05-11 12:11:12 - Completed Span Event harvest - size: 0
[DEBUG] - 2019-05-11 12:11:12 - Completed Transaction Event harvest - size: 0
[DEBUG] - 2019-05-11 12:13:55 - Completed Metric harvest - size: 11
[DEBUG] - 2019-05-11 12:13:55 - Completed Error Event harvest - size: 0
[DEBUG] - 2019-05-11 12:13:55 - Completed Span Event harvest - size: 0
[DEBUG] - 2019-05-11 12:13:55 - Completed Transaction Event harvest - size: 0
[DEBUG] - 2019-05-11 12:13:55 - Completed Transaction Trace harvest - size: 0
[DEBUG] - 2019-05-11 12:13:55 - Completed Error Trace harvest - size: 0
[DEBUG] - 2019-05-11 12:13:55 - Completed Custom Event harvest - size: 56
[INFO] - 2019-05-11 21:47:09 - Log File: /data/data/com.termux/files/home/you/tmp/new_relic.log
[INFO] - 2019-05-11 21:47:15 - Reporting to: https://rpm.newrelic.com/accounts/362387/applications/185353419
[DEBUG] - 2019-05-11 21:48:12 - Completed Metric harvest - size: 2
[DEBUG] - 2019-05-11 21:48:13 - Completed Transaction Trace harvest - size: 0
[DEBUG] - 2019-05-11 21:48:13 - Completed Error Event harvest - size: 0
[DEBUG] - 2019-05-11 21:48:14 - Completed Error Trace harvest - size: 0
[DEBUG] - 2019-05-11 21:48:14 - Completed Span Event harvest - size: 0
[DEBUG] - 2019-05-11 21:48:16 - Completed Transaction Event harvest - size: 0
[DEBUG] - 2019-05-11 21:48:17 - Completed Custom Event harvest - size: 51
[DEBUG] - 2019-05-11 21:49:12 - Completed Error Trace harvest - size: 0
[DEBUG] - 2019-05-11 21:49:12 - Completed Transaction Trace harvest - size: 0
[DEBUG] - 2019-05-11 21:49:13 - Completed Error Event harvest - size: 0
[DEBUG] - 2019-05-11 21:49:13 - Completed Metric harvest - size: 11
[DEBUG] - 2019-05-11 21:49:13 - Completed Span Event harvest - size: 0
[DEBUG] - 2019-05-11 21:49:13 - Completed Custom Event harvest - size: 56
[DEBUG] - 2019-05-11 21:49:13 - Completed Transaction Event harvest - size: 0
[DEBUG] - 2019-05-11 21:50:12 - Completed Error Event harvest - size: 0
[DEBUG] - 2019-05-11 21:50:12 - Completed Transaction Trace harvest - size: 0
[DEBUG] - 2019-05-11 21:50:13 - Completed Error Trace harvest - size: 0
[DEBUG] - 2019-05-11 21:50:13 - Completed Metric harvest - size: 11
[DEBUG] - 2019-05-11 21:50:13 - Completed Span Event harvest - size: 0
[DEBUG] - 2019-05-11 21:50:13 - Completed Custom Event harvest - size: 56
[DEBUG] - 2019-05-11 21:50:13 - Completed Transaction Event harvest - size: 0
[INFO] - 2019-05-11 21:50:28 - Log File: /data/data/com.termux/files/home/you/tmp/new_relic.log
[INFO] - 2019-05-11 21:50:32 - Reporting to: https://rpm.newrelic.com/accounts/362387/applications/185353419
[DEBUG] - 2019-05-11 21:51:31 - Completed Metric harvest - size: 2
[DEBUG] - 2019-05-11 21:51:31 - Completed Transaction Trace harvest - size: 0
[DEBUG] - 2019-05-11 21:51:31 - Completed Error Trace harvest - size: 0
[DEBUG] - 2019-05-11 21:51:33 - Completed Error Event harvest - size: 0
[DEBUG] - 2019-05-11 21:51:33 - Completed Span Event harvest - size: 0
[DEBUG] - 2019-05-11 21:51:35 - Completed Transaction Event harvest - size: 0
[DEBUG] - 2019-05-11 21:51:35 - Completed Custom Event harvest - size: 51
[DEBUG] - 2019-05-11 21:52:31 - Completed Error Trace harvest - size: 0
[DEBUG] - 2019-05-11 21:52:31 - Completed Transaction Trace harvest - size: 0
[DEBUG] - 2019-05-11 21:52:31 - Completed Metric harvest - size: 11
[DEBUG] - 2019-05-11 21:52:32 - Completed Custom Event harvest - size: 56
[DEBUG] - 2019-05-11 21:52:32 - Completed Error Event harvest - size: 0
[DEBUG] - 2019-05-11 21:52:32 - Completed Transaction Event harvest - size: 0
[DEBUG] - 2019-05-11 21:52:33 - Completed Span Event harvest - size: 0
[DEBUG] - 2019-05-11 21:53:31 - Completed Transaction Trace harvest - size: 0
[DEBUG] - 2019-05-11 21:53:31 - Completed Metric harvest - size: 11
[DEBUG] - 2019-05-11 21:53:31 - Completed Error Trace harvest - size: 0
[DEBUG] - 2019-05-11 21:53:31 - Completed Error Event harvest - size: 0
[DEBUG] - 2019-05-11 21:53:31 - Completed Transaction Event harvest - size: 0
[DEBUG] - 2019-05-11 21:53:31 - Completed Custom Event harvest - size: 55
[DEBUG] - 2019-05-11 21:53:32 - Completed Span Event harvest - size: 0
[DEBUG] - 2019-05-11 21:54:31 - Completed Metric harvest - size: 11
[DEBUG] - 2019-05-11 21:54:31 - Completed Error Trace harvest - size: 0
[DEBUG] - 2019-05-11 21:54:31 - Completed Error Event harvest - size: 0
[DEBUG] - 2019-05-11 21:54:31 - Completed Transaction Trace harvest - size: 0
[DEBUG] - 2019-05-11 21:54:31 - Completed Transaction Event harvest - size: 0
[DEBUG] - 2019-05-11 21:54:31 - Completed Custom Event harvest - size: 56
[DEBUG] - 2019-05-11 21:54:32 - Completed Span Event harvest - size: 0
[DEBUG] - 2019-05-11 21:55:31 - Completed Metric harvest - size: 11
[DEBUG] - 2019-05-11 21:55:31 - Completed Transaction Trace harvest - size: 0
[DEBUG] - 2019-05-11 21:55:31 - Completed Error Event harvest - size: 0
[DEBUG] - 2019-05-11 21:55:31 - Completed Error Trace harvest - size: 0
[DEBUG] - 2019-05-11 21:55:31 - Completed Custom Event harvest - size: 56
[DEBUG] - 2019-05-11 21:55:32 - Completed Transaction Event harvest - size: 0
[DEBUG] - 2019-05-11 21:55:33 - Completed Span Event harvest - size: 0
[DEBUG] - 2019-05-11 21:56:31 - Completed Metric harvest - size: 11
[DEBUG] - 2019-05-11 21:56:31 - Completed Transaction Trace harvest - size: 0
[DEBUG] - 2019-05-11 21:56:31 - Completed Error Event harvest - size: 0
[DEBUG] - 2019-05-11 21:56:31 - Completed Error Trace harvest - size: 0
[DEBUG] - 2019-05-11 21:56:32 - Completed Span Event harvest - size: 0
[DEBUG] - 2019-05-11 21:56:32 - Completed Custom Event harvest - size: 56
[DEBUG] - 2019-05-11 21:56:32 - Completed Transaction Event harvest - size: 0
[INFO] - 2019-05-11 21:57:00 - Log File: /data/data/com.termux/files/home/you/tmp/new_relic.log
[INFO] - 2019-05-11 21:58:01 - Log File: /data/data/com.termux/files/home/you/tmp/new_relic.log
[INFO] - 2019-05-11 21:58:11 - Reporting to: https://rpm.newrelic.com/accounts/362387/applications/185353419
[INFO] - 2019-05-11 22:00:42 - Log File: /data/data/com.termux/files/home/you/tmp/new_relic.log
[INFO] - 2019-05-11 22:00:47 - Reporting to: https://rpm.newrelic.com/accounts/362387/applications/185353419
[INFO] - 2019-05-11 22:02:33 - Log File: /data/data/com.termux/files/home/you/tmp/new_relic.log
[INFO] - 2019-05-11 22:02:39 - Reporting to: https://rpm.newrelic.com/accounts/362387/applications/185353419
[INFO] - 2019-05-11 22:06:04 - Log File: /data/data/com.termux/files/home/you/tmp/new_relic.log
[INFO] - 2019-05-11 22:06:20 - Reporting to: https://rpm.newrelic.com/accounts/362387/applications/185353419
[DEBUG] - 2019-05-11 22:07:17 - Completed Metric harvest - size: 14
[DEBUG] - 2019-05-11 22:07:18 - Completed Transaction Trace harvest - size: 2
[DEBUG] - 2019-05-11 22:07:18 - Completed Error Trace harvest - size: 2
[DEBUG] - 2019-05-11 22:07:19 - Completed Error Event harvest - size: 2
[DEBUG] - 2019-05-11 22:07:19 - Completed Custom Event harvest - size: 53
[DEBUG] - 2019-05-11 22:07:19 - Completed Span Event harvest - size: 4
[DEBUG] - 2019-05-11 22:07:19 - Completed Transaction Event harvest - size: 4
[INFO] - 2019-05-11 22:12:08 - Log File: /data/data/com.termux/files/home/you/tmp/new_relic.log
[INFO] - 2019-05-11 22:12:17 - Reporting to: https://rpm.newrelic.com/accounts/362387/applications/185353419
[DEBUG] - 2019-05-11 22:13:12 - Completed Metric harvest - size: 18
[DEBUG] - 2019-05-11 22:13:13 - Completed Transaction Trace harvest - size: 6
[DEBUG] - 2019-05-11 22:13:13 - Completed Error Trace harvest - size: 6
[DEBUG] - 2019-05-11 22:13:13 - Completed Span Event harvest - size: 8
[DEBUG] - 2019-05-11 22:13:14 - Completed Custom Event harvest - size: 59
[DEBUG] - 2019-05-11 22:13:14 - Completed Error Event harvest - size: 3
[DEBUG] - 2019-05-11 22:13:14 - Completed Transaction Event harvest - size: 15
[DEBUG] - 2019-05-11 22:14:12 - Completed Metric harvest - size: 11
[DEBUG] - 2019-05-11 22:14:12 - Completed Transaction Trace harvest - size: 0
[DEBUG] - 2019-05-11 22:14:13 - Completed Error Event harvest - size: 0
[DEBUG] - 2019-05-11 22:14:13 - Completed Error Trace harvest - size: 0
[DEBUG] - 2019-05-11 22:14:13 - Completed Transaction Event harvest - size: 0
[DEBUG] - 2019-05-11 22:14:14 - Completed Custom Event harvest - size: 57
[DEBUG] - 2019-05-11 22:14:14 - Completed Span Event harvest - size: 0
[DEBUG] - 2019-05-11 22:15:12 - Completed Metric harvest - size: 11
[DEBUG] - 2019-05-11 22:15:12 - Completed Transaction Trace harvest - size: 0
[DEBUG] - 2019-05-11 22:15:13 - Completed Error Trace harvest - size: 0
[DEBUG] - 2019-05-11 22:15:13 - Completed Error Event harvest - size: 0
[DEBUG] - 2019-05-11 22:15:13 - Completed Transaction Event harvest - size: 0
[DEBUG] - 2019-05-11 22:15:13 - Completed Span Event harvest - size: 0
[DEBUG] - 2019-05-11 22:15:15 - Completed Custom Event harvest - size: 56
[DEBUG] - 2019-05-11 22:16:12 - Completed Metric harvest - size: 11
[DEBUG] - 2019-05-11 22:16:12 - Completed Transaction Trace harvest - size: 0
[DEBUG] - 2019-05-11 22:16:13 - Completed Error Event harvest - size: 0
[DEBUG] - 2019-05-11 22:16:13 - Completed Error Trace harvest - size: 0
[DEBUG] - 2019-05-11 22:16:13 - Completed Transaction Event harvest - size: 0
[DEBUG] - 2019-05-11 22:16:13 - Completed Span Event harvest - size: 0
[DEBUG] - 2019-05-11 22:16:14 - Completed Custom Event harvest - size: 56
[DEBUG] - 2019-05-11 22:17:12 - Completed Metric harvest - size: 11
[DEBUG] - 2019-05-11 22:17:12 - Completed Error Event harvest - size: 0
[DEBUG] - 2019-05-11 22:17:13 - Completed Transaction Trace harvest - size: 0
[DEBUG] - 2019-05-11 22:17:13 - Completed Error Trace harvest - size: 0
[DEBUG] - 2019-05-11 22:17:13 - Completed Span Event harvest - size: 0
[DEBUG] - 2019-05-11 22:17:13 - Completed Transaction Event harvest - size: 0
[DEBUG] - 2019-05-11 22:17:14 - Completed Custom Event harvest - size: 56
[DEBUG] - 2019-05-11 22:18:12 - Completed Metric harvest - size: 11
[DEBUG] - 2019-05-11 22:18:12 - Completed Transaction Trace harvest - size: 0
[DEBUG] - 2019-05-11 22:18:13 - Completed Error Event harvest - size: 0
[DEBUG] - 2019-05-11 22:18:13 - Completed Error Trace harvest - size: 0
[DEBUG] - 2019-05-11 22:18:13 - Completed Custom Event harvest - size: 56
[DEBUG] - 2019-05-11 22:18:13 - Completed Span Event harvest - size: 0
[DEBUG] - 2019-05-11 22:18:13 - Completed Transaction Event harvest - size: 0
[DEBUG] - 2019-05-11 22:19:12 - Completed Metric harvest - size: 11
[DEBUG] - 2019-05-11 22:19:12 - Completed Transaction Trace harvest - size: 0
[DEBUG] - 2019-05-11 22:19:13 - Completed Error Event harvest - size: 0
[DEBUG] - 2019-05-11 22:19:13 - Completed Error Trace harvest - size: 0
[DEBUG] - 2019-05-11 22:19:13 - Completed Transaction Event harvest - size: 0
[DEBUG] - 2019-05-11 22:19:13 - Completed Span Event harvest - size: 0
[DEBUG] - 2019-05-11 22:19:14 - Completed Custom Event harvest - size: 56
[DEBUG] - 2019-05-11 22:20:12 - Completed Metric harvest - size: 11
[DEBUG] - 2019-05-11 22:20:12 - Completed Error Event harvest - size: 0
[DEBUG] - 2019-05-11 22:20:13 - Completed Transaction Trace harvest - size: 0
[DEBUG] - 2019-05-11 22:20:13 - Completed Error Trace harvest - size: 0
[DEBUG] - 2019-05-11 22:20:13 - Completed Transaction Event harvest - size: 0
[DEBUG] - 2019-05-11 22:20:13 - Completed Span Event harvest - size: 0
[DEBUG] - 2019-05-11 22:20:14 - Completed Custom Event harvest - size: 56
[DEBUG] - 2019-05-11 22:21:12 - Completed Metric harvest - size: 11
[DEBUG] - 2019-05-11 22:21:12 - Completed Error Event harvest - size: 0
[DEBUG] - 2019-05-11 22:21:13 - Completed Transaction Trace harvest - size: 0
[DEBUG] - 2019-05-11 22:21:13 - Completed Custom Event harvest - size: 56
[DEBUG] - 2019-05-11 22:21:13 - Completed Error Trace harvest - size: 0
[DEBUG] - 2019-05-11 22:21:13 - Completed Transaction Event harvest - size: 0
[DEBUG] - 2019-05-11 22:21:14 - Completed Span Event harvest - size: 0
[DEBUG] - 2019-05-11 22:22:12 - Completed Metric harvest - size: 11
[DEBUG] - 2019-05-11 22:22:12 - Completed Transaction Trace harvest - size: 0
[DEBUG] - 2019-05-11 22:22:13 - Completed Error Event harvest - size: 0
[DEBUG] - 2019-05-11 22:22:13 - Completed Error Trace harvest - size: 0
[DEBUG] - 2019-05-11 22:22:13 - Completed Custom Event harvest - size: 56
[DEBUG] - 2019-05-11 22:22:13 - Completed Transaction Event harvest - size: 0
[DEBUG] - 2019-05-11 22:22:14 - Completed Span Event harvest - size: 0
[DEBUG] - 2019-05-11 22:23:12 - Completed Metric harvest - size: 11
[DEBUG] - 2019-05-11 22:23:12 - Completed Error Event harvest - size: 0
[DEBUG] - 2019-05-11 22:23:13 - Completed Transaction Trace harvest - size: 0
[DEBUG] - 2019-05-11 22:23:13 - Completed Custom Event harvest - size: 56
[DEBUG] - 2019-05-11 22:23:13 - Completed Transaction Event harvest - size: 0
[DEBUG] - 2019-05-11 22:23:13 - Completed Error Trace harvest - size: 0
[DEBUG] - 2019-05-11 22:23:14 - Completed Span Event harvest - size: 0
[DEBUG] - 2019-05-11 22:24:12 - Completed Metric harvest - size: 11
[DEBUG] - 2019-05-11 22:24:12 - Completed Error Event harvest - size: 0
[DEBUG] - 2019-05-11 22:24:13 - Completed Custom Event harvest - size: 56
[DEBUG] - 2019-05-11 22:24:13 - Completed Transaction Trace harvest - size: 0
[DEBUG] - 2019-05-11 22:24:13 - Completed Error Trace harvest - size: 0
[DEBUG] - 2019-05-11 22:24:13 - Completed Transaction Event harvest - size: 0
[DEBUG] - 2019-05-11 22:24:14 - Completed Span Event harvest - size: 0
[DEBUG] - 2019-05-11 22:25:13 - Completed Custom Event harvest - size: 56
[DEBUG] - 2019-05-11 22:25:13 - Completed Metric harvest - size: 11
[DEBUG] - 2019-05-11 22:25:13 - Completed Transaction Trace harvest - size: 0
[DEBUG] - 2019-05-11 22:25:13 - Completed Error Event harvest - size: 0
[DEBUG] - 2019-05-11 22:25:14 - Completed Error Trace harvest - size: 0
[DEBUG] - 2019-05-11 22:25:14 - Completed Transaction Event harvest - size: 0
[DEBUG] - 2019-05-11 22:25:14 - Completed Span Event harvest - size: 0
[DEBUG] - 2019-05-11 22:26:12 - Completed Metric harvest - size: 11
[DEBUG] - 2019-05-11 22:26:12 - Completed Custom Event harvest - size: 56
[DEBUG] - 2019-05-11 22:26:13 - Completed Error Trace harvest - size: 0
[DEBUG] - 2019-05-11 22:26:13 - Completed Span Event harvest - size: 0
[DEBUG] - 2019-05-11 22:26:14 - Completed Error Event harvest - size: 0
[DEBUG] - 2019-05-11 22:26:14 - Completed Transaction Trace harvest - size: 0
[DEBUG] - 2019-05-11 22:26:15 - Completed Transaction Event harvest - size: 0
[ERROR] - 2019-05-11 22:29:30 - metric_data: :socket_closed_remotely
[DEBUG] - 2019-05-11 22:29:32 - Completed Transaction Event harvest - size: 0
[DEBUG] - 2019-05-11 22:29:34 - Completed Span Event harvest - size: 0
[DEBUG] - 2019-05-11 22:29:34 - Completed Metric harvest - size: 11
[DEBUG] - 2019-05-11 22:29:34 - Completed Error Trace harvest - size: 0
[DEBUG] - 2019-05-11 22:29:34 - Completed Custom Event harvest - size: 56
[DEBUG] - 2019-05-11 22:29:34 - Completed Error Event harvest - size: 0
[DEBUG] - 2019-05-11 22:29:37 - Completed Transaction Trace harvest - size: 0
[ERROR] - 2019-05-11 22:32:41 - metric_data: :socket_closed_remotely
[ERROR] - 2019-05-11 22:32:41 - custom_event_data: :socket_closed_remotely
[ERROR] - 2019-05-11 22:32:41 - error_event_data: :socket_closed_remotely
[DEBUG] - 2019-05-11 22:32:47 - Completed Transaction Event harvest - size: 0
[DEBUG] - 2019-05-11 22:32:51 - Completed Span Event harvest - size: 0
[INFO] - 2019-06-27 06:14:43 - Log File: /data/data/com.termux/files/home/you/tmp/new_relic.log
[INFO] - 2019-06-27 06:14:47 - Reporting to: https://rpm.newrelic.com/accounts/362387/applications/185353419
[DEBUG] - 2019-06-27 06:15:46 - Completed Metric harvest - size: 2
[DEBUG] - 2019-06-27 06:15:46 - Completed Transaction Event harvest - size: 0
[DEBUG] - 2019-06-27 06:15:46 - Completed Error Event harvest - size: 0
[DEBUG] - 2019-06-27 06:15:47 - Completed Transaction Trace harvest - size: 0
[DEBUG] - 2019-06-27 06:15:47 - Completed Custom Event harvest - size: 51
[DEBUG] - 2019-06-27 06:15:47 - Completed Span Event harvest - size: 0
[DEBUG] - 2019-06-27 06:15:47 - Completed Error Trace harvest - size: 0
[DEBUG] - 2019-06-27 06:16:46 - Completed Transaction Trace harvest - size: 0
[DEBUG] - 2019-06-27 06:16:46 - Completed Metric harvest - size: 11
[DEBUG] - 2019-06-27 06:16:46 - Completed Error Trace harvest - size: 0
[DEBUG] - 2019-06-27 06:16:46 - Completed Error Event harvest - size: 0
[DEBUG] - 2019-06-27 06:16:46 - Completed Transaction Event harvest - size: 0
[DEBUG] - 2019-06-27 06:16:46 - Completed Span Event harvest - size: 0
[DEBUG] - 2019-06-27 06:16:47 - Completed Custom Event harvest - size: 55
[DEBUG] - 2019-06-27 06:17:46 - Completed Metric harvest - size: 11
[DEBUG] - 2019-06-27 06:17:46 - Completed Transaction Trace harvest - size: 0
[DEBUG] - 2019-06-27 06:17:46 - Completed Transaction Event harvest - size: 0
[DEBUG] - 2019-06-27 06:17:46 - Completed Error Event harvest - size: 0
[DEBUG] - 2019-06-27 06:17:46 - Completed Span Event harvest - size: 0
[DEBUG] - 2019-06-27 06:17:46 - Completed Error Trace harvest - size: 0
[DEBUG] - 2019-06-27 06:17:47 - Completed Custom Event harvest - size: 56
[DEBUG] - 2019-06-27 06:18:46 - Completed Metric harvest - size: 11
[DEBUG] - 2019-06-27 06:18:46 - Completed Transaction Trace harvest - size: 0
[DEBUG] - 2019-06-27 06:18:46 - Completed Transaction Event harvest - size: 0
[DEBUG] - 2019-06-27 06:18:46 - Completed Span Event harvest - size: 0
[DEBUG] - 2019-06-27 06:18:46 - Completed Error Trace harvest - size: 0
[DEBUG] - 2019-06-27 06:18:46 - Completed Error Event harvest - size: 0
[DEBUG] - 2019-06-27 06:18:47 - Completed Custom Event harvest - size: 56
[DEBUG] - 2019-06-27 06:19:46 - Completed Transaction Trace harvest - size: 0
[DEBUG] - 2019-06-27 06:19:46 - Completed Metric harvest - size: 11
[DEBUG] - 2019-06-27 06:19:46 - Completed Span Event harvest - size: 0
[DEBUG] - 2019-06-27 06:19:46 - Completed Transaction Event harvest - size: 0
[DEBUG] - 2019-06-27 06:19:46 - Completed Error Trace harvest - size: 0
[DEBUG] - 2019-06-27 06:19:46 - Completed Error Event harvest - size: 0
[DEBUG] - 2019-06-27 06:19:47 - Completed Custom Event harvest - size: 56
[DEBUG] - 2019-06-27 06:20:46 - Completed Transaction Trace harvest - size: 0
[DEBUG] - 2019-06-27 06:20:46 - Completed Metric harvest - size: 11
[DEBUG] - 2019-06-27 06:20:46 - Completed Transaction Event harvest - size: 0
[DEBUG] - 2019-06-27 06:20:46 - Completed Error Trace harvest - size: 0
[DEBUG] - 2019-06-27 06:20:46 - Completed Span Event harvest - size: 0
[DEBUG] - 2019-06-27 06:20:46 - Completed Error Event harvest - size: 0
[DEBUG] - 2019-06-27 06:20:47 - Completed Custom Event harvest - size: 56
[DEBUG] - 2019-06-27 06:21:46 - Completed Transaction Trace harvest - size: 0
[DEBUG] - 2019-06-27 06:21:46 - Completed Metric harvest - size: 11
[DEBUG] - 2019-06-27 06:21:46 - Completed Transaction Event harvest - size: 0
[DEBUG] - 2019-06-27 06:21:46 - Completed Error Trace harvest - size: 0
[DEBUG] - 2019-06-27 06:21:46 - Completed Error Event harvest - size: 0
[DEBUG] - 2019-06-27 06:21:46 - Completed Span Event harvest - size: 0
[DEBUG] - 2019-06-27 06:21:47 - Completed Custom Event harvest - size: 56
[DEBUG] - 2019-06-27 06:22:46 - Completed Transaction Trace harvest - size: 0
[DEBUG] - 2019-06-27 06:22:46 - Completed Metric harvest - size: 11
[DEBUG] - 2019-06-27 06:22:46 - Completed Error Event harvest - size: 0
[DEBUG] - 2019-06-27 06:22:46 - Completed Transaction Event harvest - size: 0
[DEBUG] - 2019-06-27 06:22:46 - Completed Span Event harvest - size: 0
[DEBUG] - 2019-06-27 06:22:46 - Completed Error Trace harvest - size: 0
[DEBUG] - 2019-06-27 06:22:47 - Completed Custom Event harvest - size: 56
[DEBUG] - 2019-06-27 06:23:46 - Completed Transaction Trace harvest - size: 0
[DEBUG] - 2019-06-27 06:23:46 - Completed Metric harvest - size: 11
[DEBUG] - 2019-06-27 06:23:46 - Completed Error Trace harvest - size: 0
[DEBUG] - 2019-06-27 06:23:46 - Completed Transaction Event harvest - size: 0
[DEBUG] - 2019-06-27 06:23:46 - Completed Span Event harvest - size: 0
[DEBUG] - 2019-06-27 06:23:46 - Completed Error Event harvest - size: 0
[DEBUG] - 2019-06-27 06:23:47 - Completed Custom Event harvest - size: 56
[DEBUG] - 2019-06-27 06:24:46 - Completed Transaction Trace harvest - size: 0
[DEBUG] - 2019-06-27 06:24:46 - Completed Metric harvest - size: 11
[DEBUG] - 2019-06-27 06:24:46 - Completed Transaction Event harvest - size: 0
[DEBUG] - 2019-06-27 06:24:46 - Completed Error Trace harvest - size: 0
[DEBUG] - 2019-06-27 06:24:46 - Completed Error Event harvest - size: 0
[DEBUG] - 2019-06-27 06:24:46 - Completed Span Event harvest - size: 0
[DEBUG] - 2019-06-27 06:24:47 - Completed Custom Event harvest - size: 56
[INFO] - 2019-06-27 11:40:49 - Log File: /data/data/com.termux/files/home/you/tmp/new_relic.log
[INFO] - 2019-06-27 11:40:52 - Reporting to: https://rpm.newrelic.com/accounts/362387/applications/185353419
[DEBUG] - 2019-06-27 11:42:03 - Completed Error Trace harvest - size: 0
[DEBUG] - 2019-06-27 11:42:04 - Completed Error Event harvest - size: 0
[DEBUG] - 2019-06-27 11:42:04 - Completed Metric harvest - size: 2
[DEBUG] - 2019-06-27 11:42:04 - Completed Custom Event harvest - size: 51
[DEBUG] - 2019-06-27 11:42:04 - Completed Transaction Trace harvest - size: 0
[DEBUG] - 2019-06-27 11:42:04 - Completed Span Event harvest - size: 0
[DEBUG] - 2019-06-27 11:42:05 - Completed Transaction Event harvest - size: 0
[DEBUG] - 2019-06-27 11:43:03 - Completed Error Event harvest - size: 0
[DEBUG] - 2019-06-27 11:43:03 - Completed Error Trace harvest - size: 0
[DEBUG] - 2019-06-27 11:43:03 - Completed Transaction Event harvest - size: 0
[DEBUG] - 2019-06-27 11:43:03 - Completed Transaction Trace harvest - size: 0
[DEBUG] - 2019-06-27 11:43:03 - Completed Span Event harvest - size: 0
[DEBUG] - 2019-06-27 11:43:03 - Completed Metric harvest - size: 11
[DEBUG] - 2019-06-27 11:43:04 - Completed Custom Event harvest - size: 56
[DEBUG] - 2019-06-27 11:44:02 - Completed Metric harvest - size: 11
[DEBUG] - 2019-06-27 11:44:02 - Completed Transaction Trace harvest - size: 0
[DEBUG] - 2019-06-27 11:44:02 - Completed Transaction Event harvest - size: 0
[DEBUG] - 2019-06-27 11:44:02 - Completed Error Trace harvest - size: 0
[DEBUG] - 2019-06-27 11:44:03 - Completed Error Event harvest - size: 0
[DEBUG] - 2019-06-27 11:44:03 - Completed Span Event harvest - size: 0
[DEBUG] - 2019-06-27 11:44:03 - Completed Custom Event harvest - size: 55
[DEBUG] - 2019-06-27 11:45:02 - Completed Transaction Trace harvest - size: 0
[DEBUG] - 2019-06-27 11:45:02 - Completed Metric harvest - size: 11
[DEBUG] - 2019-06-27 11:45:02 - Completed Span Event harvest - size: 0
[DEBUG] - 2019-06-27 11:45:02 - Completed Transaction Event harvest - size: 0
[DEBUG] - 2019-06-27 11:45:02 - Completed Error Event harvest - size: 0
[DEBUG] - 2019-06-27 11:45:02 - Completed Error Trace harvest - size: 0
[DEBUG] - 2019-06-27 11:45:02 - Completed Custom Event harvest - size: 56
